# JRE version: OpenJDK Runtime Environment (Zulu11.37+17-CA) (11.0.6+10) (build 11.0.6+10-LTS)
# Java VM: OpenJDK 64-Bit Server VM (11.0.6+10-LTS, mixed mode, tiered, compressed oops, g1 gc, windows-amd64)
Heap:
 garbage-first heap   total 1465344K, used 360960K [0x0000000701a00000, 0x0000000800000000)
  region size 1024K, 7 young (7168K), 7 survivors (7168K)
 Metaspace       used 12757K, capacity 13177K, committed 13312K, reserved 1060864K
  class space    used 1316K, capacity 1514K, committed 1536K, reserved 1048576K
GC Heap History (17 events):
Event: 0.453 GC heap before
{Heap before GC invocations=0 (full 0):
 garbage-first heap   total 262144K, used 31744K [0x0000000701a00000, 0x0000000800000000)
  region size 1024K, 24 young (24576K), 0 survivors (0K)
 Metaspace       used 12756K, capacity 13177K, committed 13312K, reserved 1060864K
  class space    used 1316K, capacity 1514K, committed 1536K, reserved 1048576K
}
Event: 0.470 GC heap after
{Heap after GC invocations=1 (full 0):
 garbage-first heap   total 262144K, used 22818K [0x0000000701a00000, 0x0000000800000000)
  region size 1024K, 3 young (3072K), 3 survivors (3072K)
 Metaspace       used 12756K, capacity 13177K, committed 13312K, reserved 1060864K
  class space    used 1316K, capacity 1514K, committed 1536K, reserved 1048576K
}
Event: 0.478 GC heap before
{Heap before GC invocations=1 (full 0):
 garbage-first heap   total 262144K, used 36130K [0x0000000701a00000, 0x0000000800000000)
  region size 1024K, 12 young (12288K), 3 survivors (3072K)
 Metaspace       used 12757K, capacity 13177K, committed 13312K, reserved 1060864K
  class space    used 1316K, capacity 1514K, committed 1536K, reserved 1048576K
}
Event: 0.487 GC heap after
{Heap after GC invocations=2 (full 0):
 garbage-first heap   total 262144K, used 36864K [0x0000000701a00000, 0x0000000800000000)
  region size 1024K, 2 young (2048K), 2 survivors (2048K)
 Metaspace       used 12757K, capacity 13177K, committed 13312K, reserved 1060864K
  class space    used 1316K, capacity 1514K, committed 1536K, reserved 1048576K
}
Event: 0.501 GC heap before
{Heap before GC invocations=2 (full 0):
 garbage-first heap   total 262144K, used 64512K [0x0000000701a00000, 0x0000000800000000)
  region size 1024K, 17 young (17408K), 2 survivors (2048K)
 Metaspace       used 12757K, capacity 13177K, committed 13312K, reserved 1060864K
  class space    used 1316K, capacity 1514K, committed 1536K, reserved 1048576K
}
Event: 0.515 GC heap after
{Heap after GC invocations=3 (full 0):
 garbage-first heap   total 262144K, used 65227K [0x0000000701a00000, 0x0000000800000000)
  region size 1024K, 3 young (3072K), 3 survivors (3072K)
 Metaspace       used 12757K, capacity 13177K, committed 13312K, reserved 1060864K
  class space    used 1316K, capacity 1514K, committed 1536K, reserved 1048576K
}
Event: 0.536 GC heap before
{Heap before GC invocations=3 (full 0):
 garbage-first heap   total 262144K, used 105163K [0x0000000701a00000, 0x0000000800000000)
  region size 1024K, 31 young (31744K), 3 survivors (3072K)
 Metaspace       used 12757K, capacity 13177K, committed 13312K, reserved 1060864K
  class space    used 1316K, capacity 1514K, committed 1536K, reserved 1048576K
}
Event: 0.557 GC heap after
{Heap after GC invocations=4 (full 0):
 garbage-first heap   total 262144K, used 106365K [0x0000000701a00000, 0x0000000800000000)
  region size 1024K, 4 young (4096K), 4 survivors (4096K)
 Metaspace       used 12757K, capacity 13177K, committed 13312K, reserved 1060864K
  class space    used 1316K, capacity 1514K, committed 1536K, reserved 1048576K
}
Event: 0.567 GC heap before
{Heap before GC invocations=4 (full 0):
 garbage-first heap   total 262144K, used 124797K [0x0000000701a00000, 0x0000000800000000)
  region size 1024K, 23 young (23552K), 4 survivors (4096K)
 Metaspace       used 12757K, capacity 13177K, committed 13312K, reserved 1060864K
  class space    used 1316K, capacity 1514K, committed 1536K, reserved 1048576K
}
Event: 0.584 GC heap after
{Heap after GC invocations=5 (full 0):
 garbage-first heap   total 524288K, used 126464K [0x0000000701a00000, 0x0000000800000000)
  region size 1024K, 5 young (5120K), 5 survivors (5120K)
 Metaspace       used 12757K, capacity 13177K, committed 13312K, reserved 1060864K
  class space    used 1316K, capacity 1514K, committed 1536K, reserved 1048576K
}
Event: 0.663 GC heap before
{Heap before GC invocations=5 (full 0):
 garbage-first heap   total 524288K, used 186880K [0x0000000701a00000, 0x0000000800000000)
  region size 1024K, 47 young (48128K), 5 survivors (5120K)
 Metaspace       used 12757K, capacity 13177K, committed 13312K, reserved 1060864K
  class space    used 1316K, capacity 1514K, committed 1536K, reserved 1048576K
}
Event: 0.689 GC heap after
{Heap after GC invocations=6 (full 0):
 garbage-first heap   total 524288K, used 188900K [0x0000000701a00000, 0x0000000800000000)
  region size 1024K, 6 young (6144K), 6 survivors (6144K)
 Metaspace       used 12757K, capacity 13177K, committed 13312K, reserved 1060864K
  class space    used 1316K, capacity 1514K, committed 1536K, reserved 1048576K
}
Event: 0.714 GC heap before
{Heap before GC invocations=6 (full 0):
 garbage-first heap   total 524288K, used 227812K [0x0000000701a00000, 0x0000000800000000)
  region size 1024K, 44 young (45056K), 6 survivors (6144K)
 Metaspace       used 12757K, capacity 13177K, committed 13312K, reserved 1060864K
  class space    used 1316K, capacity 1514K, committed 1536K, reserved 1048576K
}
Event: 0.740 GC heap after
{Heap after GC invocations=7 (full 0):
 garbage-first heap   total 524288K, used 228864K [0x0000000701a00000, 0x0000000800000000)
  region size 1024K, 6 young (6144K), 6 survivors (6144K)
 Metaspace       used 12757K, capacity 13177K, committed 13312K, reserved 1060864K
  class space    used 1316K, capacity 1514K, committed 1536K, reserved 1048576K
}
Event: 0.780 GC heap before
{Heap before GC invocations=7 (full 0):
 garbage-first heap   total 524288K, used 306688K [0x0000000701a00000, 0x0000000800000000)
  region size 1024K, 46 young (47104K), 6 survivors (6144K)
 Metaspace       used 12757K, capacity 13177K, committed 13312K, reserved 1060864K
  class space    used 1316K, capacity 1514K, committed 1536K, reserved 1048576K
}
Event: 0.807 GC heap after
{Heap after GC invocations=8 (full 0):
 garbage-first heap   total 524288K, used 308736K [0x0000000701a00000, 0x0000000800000000)
  region size 1024K, 6 young (6144K), 6 survivors (6144K)
 Metaspace       used 12757K, capacity 13177K, committed 13312K, reserved 1060864K
  class space    used 1316K, capacity 1514K, committed 1536K, reserved 1048576K
}
Event: 0.833 GC heap before
{Heap before GC invocations=9 (full 0):
 garbage-first heap   total 524288K, used 358912K [0x0000000701a00000, 0x0000000800000000)
  region size 1024K, 55 young (56320K), 6 survivors (6144K)
 Metaspace       used 12757K, capacity 13177K, committed 13312K, reserved 1060864K
  class space    used 1316K, capacity 1514K, committed 1536K, reserved 1048576K
}

